<?xml version="1.0" encoding="UTF-8"?>
<!-- Generated by org.testng.reporters.JUnitReportReporter -->
<testsuite hostname="LAPTOP-203GGK2H" failures="0" tests="1" name="com.github.MT" time="4.422" errors="0" timestamp="2022-08-02T13:51:06 IST" skipped="0">
  <testcase classname="com.github.MT" name="logincheck" time="4.422"/>
  <system-out/>
</testsuite> <!-- com.github.MT -->
